2019-12-24 16:22:16.486 [main] DEBUG com.yanzheng.o2o.dao.ShopDao.queryByShopId - ==>  Preparing: SELECT s.shop_id, s.shop_name, s.shop_desc, s.shop_addr, s.phone, s.shop_img, s.priority, s.create_time, s.last_edit_time, s.enable_status, s.advice, a.area_id, a.area_name, sc.shop_category_id, sc.shop_category_name, FROM tb_shop s, tb_area a, tb_shop_category sc WHERE s.area_id=a.area_id AND s.shop_category_id=sc.shop_category_id AND s.shop_id=? 
2019-12-24 16:22:16.599 [main] DEBUG com.yanzheng.o2o.dao.ShopDao.queryByShopId - ==> Parameters: 1(Long)
2019-12-24 16:24:39.550 [main] DEBUG com.yanzheng.o2o.dao.ShopDao.queryByShopId - ==>  Preparing: SELECT s.shop_id, s.shop_name, s.shop_desc, s.shop_addr, s.phone, s.shop_img, s.priority, s.create_time, s.last_edit_time, s.enable_status, s.advice, a.area_id, a.area_name, sc.shop_category_id, sc.shop_category_name FROM tb_shop s, tb_area a, tb_shop_category sc WHERE s.area_id=a.area_id AND s.shop_category_id=sc.shop_category_id AND s.shop_id=? 
2019-12-24 16:24:39.711 [main] DEBUG com.yanzheng.o2o.dao.ShopDao.queryByShopId - ==> Parameters: 1(Long)
2019-12-24 16:24:39.767 [main] DEBUG com.yanzheng.o2o.dao.ShopDao.queryByShopId - <==      Total: 0
2019-12-24 16:27:07.991 [main] DEBUG com.yanzheng.o2o.dao.ShopDao.queryByShopId - ==>  Preparing: SELECT s.shop_id, s.shop_name, s.shop_desc, s.shop_addr, s.phone, s.shop_img, s.priority, s.create_time, s.last_edit_time, s.enable_status, s.advice, a.area_id, a.area_name, sc.shop_category_id, sc.shop_category_name FROM tb_shop s, tb_area a, tb_shop_category sc WHERE s.area_id=a.area_id AND s.shop_category_id=sc.shop_category_id AND s.shop_id=? 
2019-12-24 16:27:08.082 [main] DEBUG com.yanzheng.o2o.dao.ShopDao.queryByShopId - ==> Parameters: 15(Long)
2019-12-24 16:27:08.131 [main] DEBUG com.yanzheng.o2o.dao.ShopDao.queryByShopId - <==      Total: 1
2019-12-24 16:56:27.256 [main] DEBUG com.yanzheng.o2o.dao.ShopDao.queryByShopId - ==>  Preparing: SELECT s.shop_id, s.shop_name, s.shop_desc, s.shop_addr, s.phone, s.shop_img, s.priority, s.create_time, s.last_edit_time, s.enable_status, s.advice, a.area_id, a.area_name, sc.shop_category_id, sc.shop_category_name FROM tb_shop s, tb_area a, tb_shop_category sc WHERE s.area_id=a.area_id AND s.shop_category_id=sc.shop_category_id AND s.shop_id=? 
2019-12-24 16:56:27.357 [main] DEBUG com.yanzheng.o2o.dao.ShopDao.queryByShopId - ==> Parameters: 15(Long)
2019-12-24 16:56:27.421 [main] DEBUG com.yanzheng.o2o.dao.ShopDao.queryByShopId - <==      Total: 1
2019-12-24 16:56:27.444 [main] DEBUG com.yanzheng.o2o.dao.ShopDao.queryByShopId - ==>  Preparing: SELECT s.shop_id, s.shop_name, s.shop_desc, s.shop_addr, s.phone, s.shop_img, s.priority, s.create_time, s.last_edit_time, s.enable_status, s.advice, a.area_id, a.area_name, sc.shop_category_id, sc.shop_category_name FROM tb_shop s, tb_area a, tb_shop_category sc WHERE s.area_id=a.area_id AND s.shop_category_id=sc.shop_category_id AND s.shop_id=? 
2019-12-24 16:56:27.444 [main] DEBUG com.yanzheng.o2o.dao.ShopDao.queryByShopId - ==> Parameters: 15(Long)
2019-12-24 16:56:27.448 [main] DEBUG com.yanzheng.o2o.dao.ShopDao.queryByShopId - <==      Total: 1
2019-12-24 16:56:27.452 [main] DEBUG com.yanzheng.o2o.dao.ShopDao.insertShop - ==>  Preparing: INSERT INTO tb_shop(owner_id, area_id, shop_category_id, shop_name, shop_desc, shop_addr, phone, shop_img, priority, create_time, last_edit_time, enable_status, advice) VALUES (?,?,?,?, ?,?,?,?,?,?, ?,?,?) 
2019-12-24 16:56:27.463 [main] DEBUG com.yanzheng.o2o.dao.ShopDao.insertShop - ==> Parameters: null, 3(Integer), 3(Long), shop name after modification(String), desc0(String), addr0(String), 123132(String), upload/item/shop/15/2019122412262384806.jpg(String), null, 2019-12-24 16:56:27.452(Timestamp), 2019-12-24 16:56:27.452(Timestamp), 0(Integer), null
2019-12-24 17:16:10.533 [main] DEBUG com.yanzheng.o2o.dao.ShopDao.queryByShopId - ==>  Preparing: SELECT s.shop_id, s.shop_name, s.shop_desc, s.shop_addr, s.phone, s.shop_img, s.priority, s.create_time, s.last_edit_time, s.enable_status, s.advice, a.area_id, a.area_name, sc.shop_category_id, sc.shop_category_name FROM tb_shop s, tb_area a, tb_shop_category sc WHERE s.area_id=a.area_id AND s.shop_category_id=sc.shop_category_id AND s.shop_id=? 
2019-12-24 17:16:10.631 [main] DEBUG com.yanzheng.o2o.dao.ShopDao.queryByShopId - ==> Parameters: 15(Long)
2019-12-24 17:16:10.677 [main] DEBUG com.yanzheng.o2o.dao.ShopDao.queryByShopId - <==      Total: 1
2019-12-24 18:23:35.370 [main] DEBUG com.yanzheng.o2o.dao.ShopDao.queryByShopId - ==>  Preparing: SELECT s.shop_id, s.shop_name, s.shop_desc, s.shop_addr, s.phone, s.shop_img, s.priority, s.create_time, s.last_edit_time, s.enable_status, s.advice, s.owner_id, a.area_id, a.area_name, sc.shop_category_id, sc.shop_category_name, ps.user_id, ps.name FROM tb_shop s, tb_area a, tb_shop_category sc, tb_person_info ps WHERE s.area_id=a.area_id AND s.shop_category_id=sc.shop_category_id AND s.shop_id=? AND s.owner_id=ps.user_id 
2019-12-24 18:23:35.464 [main] DEBUG com.yanzheng.o2o.dao.ShopDao.queryByShopId - ==> Parameters: 15(Long)
2019-12-24 18:23:35.506 [main] DEBUG com.yanzheng.o2o.dao.ShopDao.queryByShopId - <==      Total: 1
2019-12-24 18:23:56.589 [main] DEBUG com.yanzheng.o2o.dao.ShopDao.queryByShopId - ==>  Preparing: SELECT s.shop_id, s.shop_name, s.shop_desc, s.shop_addr, s.phone, s.shop_img, s.priority, s.create_time, s.last_edit_time, s.enable_status, s.advice, s.owner_id, a.area_id, a.area_name, sc.shop_category_id, sc.shop_category_name, ps.user_id, ps.name FROM tb_shop s, tb_area a, tb_shop_category sc, tb_person_info ps WHERE s.area_id=a.area_id AND s.shop_category_id=sc.shop_category_id AND s.shop_id=? AND s.owner_id=ps.user_id 
2019-12-24 18:23:56.710 [main] DEBUG com.yanzheng.o2o.dao.ShopDao.queryByShopId - ==> Parameters: 15(Long)
2019-12-24 18:23:56.758 [main] DEBUG com.yanzheng.o2o.dao.ShopDao.queryByShopId - <==      Total: 1
2019-12-24 18:23:56.785 [main] DEBUG com.yanzheng.o2o.dao.ShopDao.queryByShopId - ==>  Preparing: SELECT s.shop_id, s.shop_name, s.shop_desc, s.shop_addr, s.phone, s.shop_img, s.priority, s.create_time, s.last_edit_time, s.enable_status, s.advice, s.owner_id, a.area_id, a.area_name, sc.shop_category_id, sc.shop_category_name, ps.user_id, ps.name FROM tb_shop s, tb_area a, tb_shop_category sc, tb_person_info ps WHERE s.area_id=a.area_id AND s.shop_category_id=sc.shop_category_id AND s.shop_id=? AND s.owner_id=ps.user_id 
2019-12-24 18:23:56.786 [main] DEBUG com.yanzheng.o2o.dao.ShopDao.queryByShopId - ==> Parameters: 15(Long)
2019-12-24 18:23:56.792 [main] DEBUG com.yanzheng.o2o.dao.ShopDao.queryByShopId - <==      Total: 1
2019-12-24 18:23:56.797 [main] DEBUG com.yanzheng.o2o.dao.ShopDao.insertShop - ==>  Preparing: INSERT INTO tb_shop(owner_id, area_id, shop_category_id, shop_name, shop_desc, shop_addr, phone, shop_img, priority, create_time, last_edit_time, enable_status, advice) VALUES (?,?,?,?, ?,?,?,?,?,?, ?,?,?) 
2019-12-24 18:23:56.805 [main] DEBUG com.yanzheng.o2o.dao.ShopDao.insertShop - ==> Parameters: 1(Long), 3(Integer), 3(Long), shop name after modification(String), desc0(String), addr0(String), 123132(String), upload/item/shop/15/2019122412262384806.jpg(String), null, 2019-12-24 18:23:56.796(Timestamp), 2019-12-24 18:23:56.796(Timestamp), 0(Integer), null
2019-12-24 18:23:56.942 [main] DEBUG com.yanzheng.o2o.dao.ShopDao.insertShop - <==    Updates: 1
2019-12-24 18:23:56.984 [main] DEBUG com.yanzheng.o2o.util.ImageUtil - current relativeAddr is:upload/item/shop/16/2019122418235612790.jpg
2019-12-24 18:23:56.984 [main] DEBUG com.yanzheng.o2o.util.ImageUtil - current complete addr is:/Users/yanzheng/image/upload/item/shop/16/2019122418235612790.jpg
2019-12-24 18:23:57.951 [main] DEBUG com.yanzheng.o2o.dao.ShopDao.updateShop - ==>  Preparing: update tb_shop SET shop_name = ?, shop_desc = ?, shop_addr = ?, phone = ?, shop_img = ?, last_edit_time = ?, enable_status = ?, shop_category_id=?, area_id = ? where shop_id=? 
2019-12-24 18:23:57.952 [main] DEBUG com.yanzheng.o2o.dao.ShopDao.updateShop - ==> Parameters: shop name after modification(String), desc0(String), addr0(String), 123132(String), upload/item/shop/16/2019122418235612790.jpg(String), 2019-12-24 18:23:56.796(Timestamp), 0(Integer), 3(Long), 3(Integer), 16(Long)
2019-12-24 18:23:57.955 [main] DEBUG com.yanzheng.o2o.dao.ShopDao.updateShop - <==    Updates: 1
2019-12-24 18:23:57.957 [main] DEBUG com.yanzheng.o2o.dao.ShopDao.updateShop - ==>  Preparing: update tb_shop SET shop_name = ?, shop_desc = ?, shop_addr = ?, phone = ?, shop_img = ?, last_edit_time = ?, enable_status = ?, shop_category_id=?, area_id = ? where shop_id=? 
2019-12-24 18:23:57.958 [main] DEBUG com.yanzheng.o2o.dao.ShopDao.updateShop - ==> Parameters: shop name after modification(String), desc0(String), addr0(String), 123132(String), upload/item/shop/16/2019122418235612790.jpg(String), 2019-12-24 18:23:57.956(Timestamp), 0(Integer), 3(Long), 3(Integer), 16(Long)
2019-12-24 18:23:57.961 [main] DEBUG com.yanzheng.o2o.dao.ShopDao.updateShop - <==    Updates: 1
2019-12-24 18:23:57.961 [main] DEBUG com.yanzheng.o2o.dao.ShopDao.queryByShopId - ==>  Preparing: SELECT s.shop_id, s.shop_name, s.shop_desc, s.shop_addr, s.phone, s.shop_img, s.priority, s.create_time, s.last_edit_time, s.enable_status, s.advice, s.owner_id, a.area_id, a.area_name, sc.shop_category_id, sc.shop_category_name, ps.user_id, ps.name FROM tb_shop s, tb_area a, tb_shop_category sc, tb_person_info ps WHERE s.area_id=a.area_id AND s.shop_category_id=sc.shop_category_id AND s.shop_id=? AND s.owner_id=ps.user_id 
2019-12-24 18:23:57.962 [main] DEBUG com.yanzheng.o2o.dao.ShopDao.queryByShopId - ==> Parameters: 16(Long)
2019-12-24 18:23:57.965 [main] DEBUG com.yanzheng.o2o.dao.ShopDao.queryByShopId - <==      Total: 1
2019-12-24 18:26:21.410 [main] DEBUG com.yanzheng.o2o.dao.ShopDao.updateShop - ==>  Preparing: update tb_shop SET shop_desc = ?, shop_addr = ?, phone = ?, last_edit_time = ? where shop_id=? 
2019-12-24 18:26:21.509 [main] DEBUG com.yanzheng.o2o.dao.ShopDao.updateShop - ==> Parameters: new desc(String), new addr(String), new phone(String), 2019-12-24 18:26:20.366(Timestamp), 15(Long)
2019-12-24 18:26:21.517 [main] DEBUG com.yanzheng.o2o.dao.ShopDao.updateShop - <==    Updates: 1
2019-12-24 18:27:07.510 [main] DEBUG com.yanzheng.o2o.dao.ShopDao.queryByShopId - ==>  Preparing: SELECT s.shop_id, s.shop_name, s.shop_desc, s.shop_addr, s.phone, s.shop_img, s.priority, s.create_time, s.last_edit_time, s.enable_status, s.advice, s.owner_id, a.area_id, a.area_name, sc.shop_category_id, sc.shop_category_name, ps.user_id, ps.name FROM tb_shop s, tb_area a, tb_shop_category sc, tb_person_info ps WHERE s.area_id=a.area_id AND s.shop_category_id=sc.shop_category_id AND s.shop_id=? AND s.owner_id=ps.user_id 
2019-12-24 18:27:07.614 [main] DEBUG com.yanzheng.o2o.dao.ShopDao.queryByShopId - ==> Parameters: 15(Long)
2019-12-24 18:27:07.688 [main] DEBUG com.yanzheng.o2o.dao.ShopDao.queryByShopId - <==      Total: 1
2019-12-24 18:27:07.699 [main] DEBUG com.yanzheng.o2o.dao.ShopDao.queryByShopId - ==>  Preparing: SELECT s.shop_id, s.shop_name, s.shop_desc, s.shop_addr, s.phone, s.shop_img, s.priority, s.create_time, s.last_edit_time, s.enable_status, s.advice, s.owner_id, a.area_id, a.area_name, sc.shop_category_id, sc.shop_category_name, ps.user_id, ps.name FROM tb_shop s, tb_area a, tb_shop_category sc, tb_person_info ps WHERE s.area_id=a.area_id AND s.shop_category_id=sc.shop_category_id AND s.shop_id=? AND s.owner_id=ps.user_id 
2019-12-24 18:27:07.700 [main] DEBUG com.yanzheng.o2o.dao.ShopDao.queryByShopId - ==> Parameters: 15(Long)
2019-12-24 18:27:07.703 [main] DEBUG com.yanzheng.o2o.dao.ShopDao.queryByShopId - <==      Total: 1
2019-12-24 18:27:07.707 [main] DEBUG com.yanzheng.o2o.dao.ShopDao.insertShop - ==>  Preparing: INSERT INTO tb_shop(owner_id, area_id, shop_category_id, shop_name, shop_desc, shop_addr, phone, shop_img, priority, create_time, last_edit_time, enable_status, advice) VALUES (?,?,?,?, ?,?,?,?,?,?, ?,?,?) 
2019-12-24 18:27:07.717 [main] DEBUG com.yanzheng.o2o.dao.ShopDao.insertShop - ==> Parameters: 1(Long), 3(Integer), 3(Long), shop name after modification(String), new desc(String), new addr(String), new phone(String), upload/item/shop/15/2019122412262384806.jpg(String), null, 2019-12-24 18:27:07.707(Timestamp), 2019-12-24 18:27:07.707(Timestamp), 0(Integer), null
2019-12-24 18:27:07.721 [main] DEBUG com.yanzheng.o2o.dao.ShopDao.insertShop - <==    Updates: 1
2019-12-24 18:27:07.725 [main] DEBUG com.yanzheng.o2o.util.ImageUtil - current relativeAddr is:upload/item/shop/17/2019122418270723781.jpg
2019-12-24 18:27:07.725 [main] DEBUG com.yanzheng.o2o.util.ImageUtil - current complete addr is:/Users/yanzheng/image/upload/item/shop/17/2019122418270723781.jpg
2019-12-24 18:27:08.442 [main] DEBUG com.yanzheng.o2o.dao.ShopDao.updateShop - ==>  Preparing: update tb_shop SET shop_name = ?, shop_desc = ?, shop_addr = ?, phone = ?, shop_img = ?, last_edit_time = ?, enable_status = ?, shop_category_id=?, area_id = ? where shop_id=? 
2019-12-24 18:27:08.447 [main] DEBUG com.yanzheng.o2o.dao.ShopDao.updateShop - ==> Parameters: shop name after modification(String), new desc(String), new addr(String), new phone(String), upload/item/shop/17/2019122418270723781.jpg(String), 2019-12-24 18:27:07.707(Timestamp), 0(Integer), 3(Long), 3(Integer), 17(Long)
2019-12-24 18:27:08.452 [main] DEBUG com.yanzheng.o2o.dao.ShopDao.updateShop - <==    Updates: 1
2019-12-24 18:27:08.457 [main] DEBUG com.yanzheng.o2o.dao.ShopDao.updateShop - ==>  Preparing: update tb_shop SET shop_name = ?, shop_desc = ?, shop_addr = ?, phone = ?, shop_img = ?, last_edit_time = ?, enable_status = ?, shop_category_id=?, area_id = ? where shop_id=? 
2019-12-24 18:27:08.458 [main] DEBUG com.yanzheng.o2o.dao.ShopDao.updateShop - ==> Parameters: shop name after modification(String), new desc(String), new addr(String), new phone(String), upload/item/shop/17/2019122418270723781.jpg(String), 2019-12-24 18:27:08.456(Timestamp), 0(Integer), 3(Long), 3(Integer), 17(Long)
2019-12-24 18:27:08.461 [main] DEBUG com.yanzheng.o2o.dao.ShopDao.updateShop - <==    Updates: 1
2019-12-24 18:27:08.462 [main] DEBUG com.yanzheng.o2o.dao.ShopDao.queryByShopId - ==>  Preparing: SELECT s.shop_id, s.shop_name, s.shop_desc, s.shop_addr, s.phone, s.shop_img, s.priority, s.create_time, s.last_edit_time, s.enable_status, s.advice, s.owner_id, a.area_id, a.area_name, sc.shop_category_id, sc.shop_category_name, ps.user_id, ps.name FROM tb_shop s, tb_area a, tb_shop_category sc, tb_person_info ps WHERE s.area_id=a.area_id AND s.shop_category_id=sc.shop_category_id AND s.shop_id=? AND s.owner_id=ps.user_id 
2019-12-24 18:27:08.462 [main] DEBUG com.yanzheng.o2o.dao.ShopDao.queryByShopId - ==> Parameters: 17(Long)
2019-12-24 18:27:08.466 [main] DEBUG com.yanzheng.o2o.dao.ShopDao.queryByShopId - <==      Total: 1
2019-12-24 18:30:08.434 [main] DEBUG com.yanzheng.o2o.dao.ShopDao.queryByShopId - ==>  Preparing: SELECT s.shop_id, s.shop_name, s.shop_desc, s.shop_addr, s.phone, s.shop_img, s.priority, s.create_time, s.last_edit_time, s.enable_status, s.advice, s.owner_id, a.area_id, a.area_name, sc.shop_category_id, sc.shop_category_name, ps.user_id, ps.name FROM tb_shop s, tb_area a, tb_shop_category sc, tb_person_info ps WHERE s.area_id=a.area_id AND s.shop_category_id=sc.shop_category_id AND s.shop_id=? AND s.owner_id=ps.user_id 
2019-12-24 18:30:08.539 [main] DEBUG com.yanzheng.o2o.dao.ShopDao.queryByShopId - ==> Parameters: 15(Long)
2019-12-24 18:30:08.588 [main] DEBUG com.yanzheng.o2o.dao.ShopDao.queryByShopId - <==      Total: 1
2019-12-24 18:30:08.600 [main] DEBUG com.yanzheng.o2o.dao.ShopDao.queryByShopId - ==>  Preparing: SELECT s.shop_id, s.shop_name, s.shop_desc, s.shop_addr, s.phone, s.shop_img, s.priority, s.create_time, s.last_edit_time, s.enable_status, s.advice, s.owner_id, a.area_id, a.area_name, sc.shop_category_id, sc.shop_category_name, ps.user_id, ps.name FROM tb_shop s, tb_area a, tb_shop_category sc, tb_person_info ps WHERE s.area_id=a.area_id AND s.shop_category_id=sc.shop_category_id AND s.shop_id=? AND s.owner_id=ps.user_id 
2019-12-24 18:30:08.600 [main] DEBUG com.yanzheng.o2o.dao.ShopDao.queryByShopId - ==> Parameters: 15(Long)
2019-12-24 18:30:08.605 [main] DEBUG com.yanzheng.o2o.dao.ShopDao.queryByShopId - <==      Total: 1
2019-12-24 18:30:08.609 [main] DEBUG com.yanzheng.o2o.dao.ShopDao.insertShop - ==>  Preparing: INSERT INTO tb_shop(owner_id, area_id, shop_category_id, shop_name, shop_desc, shop_addr, phone, shop_img, priority, create_time, last_edit_time, enable_status, advice) VALUES (?,?,?,?, ?,?,?,?,?,?, ?,?,?) 
2019-12-24 18:30:08.617 [main] DEBUG com.yanzheng.o2o.dao.ShopDao.insertShop - ==> Parameters: 1(Long), 3(Integer), 3(Long), shop name after modification(String), new desc(String), new addr(String), new phone(String), upload/item/shop/15/2019122412262384806.jpg(String), null, 2019-12-24 18:30:08.609(Timestamp), 2019-12-24 18:30:08.609(Timestamp), 0(Integer), null
2019-12-24 18:30:08.624 [main] DEBUG com.yanzheng.o2o.dao.ShopDao.insertShop - <==    Updates: 1
2019-12-24 18:30:08.628 [main] DEBUG com.yanzheng.o2o.util.ImageUtil - current relativeAddr is:upload/item/shop/18/2019122418300834532.jpg
2019-12-24 18:30:08.628 [main] DEBUG com.yanzheng.o2o.util.ImageUtil - current complete addr is:/Users/yanzheng/image/upload/item/shop/18/2019122418300834532.jpg
2019-12-24 18:30:09.275 [main] DEBUG com.yanzheng.o2o.dao.ShopDao.updateShop - ==>  Preparing: update tb_shop SET shop_name = ?, shop_desc = ?, shop_addr = ?, phone = ?, shop_img = ?, last_edit_time = ?, enable_status = ?, shop_category_id=?, area_id = ? where shop_id=? 
2019-12-24 18:30:09.276 [main] DEBUG com.yanzheng.o2o.dao.ShopDao.updateShop - ==> Parameters: shop name after modification(String), new desc(String), new addr(String), new phone(String), upload/item/shop/18/2019122418300834532.jpg(String), 2019-12-24 18:30:08.609(Timestamp), 0(Integer), 3(Long), 3(Integer), 18(Long)
2019-12-24 18:30:09.281 [main] DEBUG com.yanzheng.o2o.dao.ShopDao.updateShop - <==    Updates: 1
2019-12-24 18:30:09.283 [main] DEBUG com.yanzheng.o2o.dao.ShopDao.updateShop - ==>  Preparing: update tb_shop SET shop_name = ?, shop_desc = ?, shop_addr = ?, phone = ?, shop_img = ?, last_edit_time = ?, enable_status = ?, shop_category_id=?, area_id = ? where shop_id=? 
2019-12-24 18:30:09.284 [main] DEBUG com.yanzheng.o2o.dao.ShopDao.updateShop - ==> Parameters: shop name after modification(String), new desc(String), new addr(String), new phone(String), upload/item/shop/18/2019122418300834532.jpg(String), 2019-12-24 18:30:09.282(Timestamp), 0(Integer), 3(Long), 3(Integer), 18(Long)
2019-12-24 18:30:09.285 [main] DEBUG com.yanzheng.o2o.dao.ShopDao.updateShop - <==    Updates: 1
2019-12-24 18:30:09.286 [main] DEBUG com.yanzheng.o2o.dao.ShopDao.queryByShopId - ==>  Preparing: SELECT s.shop_id, s.shop_name, s.shop_desc, s.shop_addr, s.phone, s.shop_img, s.priority, s.create_time, s.last_edit_time, s.enable_status, s.advice, s.owner_id, a.area_id, a.area_name, sc.shop_category_id, sc.shop_category_name, ps.user_id, ps.name FROM tb_shop s, tb_area a, tb_shop_category sc, tb_person_info ps WHERE s.area_id=a.area_id AND s.shop_category_id=sc.shop_category_id AND s.shop_id=? AND s.owner_id=ps.user_id 
2019-12-24 18:30:09.286 [main] DEBUG com.yanzheng.o2o.dao.ShopDao.queryByShopId - ==> Parameters: 18(Long)
2019-12-24 18:30:09.289 [main] DEBUG com.yanzheng.o2o.dao.ShopDao.queryByShopId - <==      Total: 1
2019-12-24 18:31:29.757 [main] DEBUG com.yanzheng.o2o.dao.ShopDao.queryByShopId - ==>  Preparing: SELECT s.shop_id, s.shop_name, s.shop_desc, s.shop_addr, s.phone, s.shop_img, s.priority, s.create_time, s.last_edit_time, s.enable_status, s.advice, s.owner_id, a.area_id, a.area_name, sc.shop_category_id, sc.shop_category_name, ps.user_id, ps.name FROM tb_shop s, tb_area a, tb_shop_category sc, tb_person_info ps WHERE s.area_id=a.area_id AND s.shop_category_id=sc.shop_category_id AND s.shop_id=? AND s.owner_id=ps.user_id 
2019-12-24 18:31:29.981 [main] DEBUG com.yanzheng.o2o.dao.ShopDao.queryByShopId - ==> Parameters: 15(Long)
2019-12-24 18:31:30.045 [main] DEBUG com.yanzheng.o2o.dao.ShopDao.queryByShopId - <==      Total: 1
2019-12-24 18:31:30.062 [main] DEBUG com.yanzheng.o2o.dao.ShopDao.queryByShopId - ==>  Preparing: SELECT s.shop_id, s.shop_name, s.shop_desc, s.shop_addr, s.phone, s.shop_img, s.priority, s.create_time, s.last_edit_time, s.enable_status, s.advice, s.owner_id, a.area_id, a.area_name, sc.shop_category_id, sc.shop_category_name, ps.user_id, ps.name FROM tb_shop s, tb_area a, tb_shop_category sc, tb_person_info ps WHERE s.area_id=a.area_id AND s.shop_category_id=sc.shop_category_id AND s.shop_id=? AND s.owner_id=ps.user_id 
2019-12-24 18:31:30.080 [main] DEBUG com.yanzheng.o2o.dao.ShopDao.queryByShopId - ==> Parameters: 15(Long)
2019-12-24 18:31:30.085 [main] DEBUG com.yanzheng.o2o.dao.ShopDao.queryByShopId - <==      Total: 1
2019-12-24 18:31:30.094 [main] DEBUG com.yanzheng.o2o.dao.ShopDao.insertShop - ==>  Preparing: INSERT INTO tb_shop(owner_id, area_id, shop_category_id, shop_name, shop_desc, shop_addr, phone, shop_img, priority, create_time, last_edit_time, enable_status, advice) VALUES (?,?,?,?, ?,?,?,?,?,?, ?,?,?) 
2019-12-24 18:31:30.106 [main] DEBUG com.yanzheng.o2o.dao.ShopDao.insertShop - ==> Parameters: 1(Long), 3(Integer), 3(Long), shop name after modification(String), new desc(String), new addr(String), new phone(String), upload/item/shop/15/2019122412262384806.jpg(String), null, 2019-12-24 18:31:30.093(Timestamp), 2019-12-24 18:31:30.093(Timestamp), 0(Integer), null
2019-12-24 18:31:30.112 [main] DEBUG com.yanzheng.o2o.dao.ShopDao.insertShop - <==    Updates: 1
2019-12-24 18:31:30.117 [main] DEBUG com.yanzheng.o2o.util.ImageUtil - current relativeAddr is:upload/item/shop/19/2019122418313058871.jpg
2019-12-24 18:31:30.118 [main] DEBUG com.yanzheng.o2o.util.ImageUtil - current complete addr is:/Users/yanzheng/image/upload/item/shop/19/2019122418313058871.jpg
2019-12-24 18:31:30.830 [main] DEBUG com.yanzheng.o2o.dao.ShopDao.updateShop - ==>  Preparing: update tb_shop SET shop_name = ?, shop_desc = ?, shop_addr = ?, phone = ?, shop_img = ?, last_edit_time = ?, enable_status = ?, shop_category_id=?, area_id = ? where shop_id=? 
2019-12-24 18:31:30.831 [main] DEBUG com.yanzheng.o2o.dao.ShopDao.updateShop - ==> Parameters: shop name after modification(String), new desc(String), new addr(String), new phone(String), upload/item/shop/19/2019122418313058871.jpg(String), 2019-12-24 18:31:30.093(Timestamp), 0(Integer), 3(Long), 3(Integer), 19(Long)
2019-12-24 18:31:30.833 [main] DEBUG com.yanzheng.o2o.dao.ShopDao.updateShop - <==    Updates: 1
2019-12-24 18:31:30.836 [main] DEBUG com.yanzheng.o2o.dao.ShopDao.updateShop - ==>  Preparing: update tb_shop SET shop_name = ?, shop_desc = ?, shop_addr = ?, phone = ?, shop_img = ?, last_edit_time = ?, enable_status = ?, shop_category_id=?, area_id = ? where shop_id=? 
2019-12-24 18:31:30.837 [main] DEBUG com.yanzheng.o2o.dao.ShopDao.updateShop - ==> Parameters: shop name after modification(String), new desc(String), new addr(String), new phone(String), upload/item/shop/19/2019122418313058871.jpg(String), 2019-12-24 18:31:30.835(Timestamp), 0(Integer), 3(Long), 3(Integer), 19(Long)
2019-12-24 18:31:30.840 [main] DEBUG com.yanzheng.o2o.dao.ShopDao.updateShop - <==    Updates: 1
2019-12-24 18:31:30.840 [main] DEBUG com.yanzheng.o2o.dao.ShopDao.queryByShopId - ==>  Preparing: SELECT s.shop_id, s.shop_name, s.shop_desc, s.shop_addr, s.phone, s.shop_img, s.priority, s.create_time, s.last_edit_time, s.enable_status, s.advice, s.owner_id, a.area_id, a.area_name, sc.shop_category_id, sc.shop_category_name, ps.user_id, ps.name FROM tb_shop s, tb_area a, tb_shop_category sc, tb_person_info ps WHERE s.area_id=a.area_id AND s.shop_category_id=sc.shop_category_id AND s.shop_id=? AND s.owner_id=ps.user_id 
2019-12-24 18:31:30.841 [main] DEBUG com.yanzheng.o2o.dao.ShopDao.queryByShopId - ==> Parameters: 19(Long)
2019-12-24 18:31:30.852 [main] DEBUG com.yanzheng.o2o.dao.ShopDao.queryByShopId - <==      Total: 1
2019-12-24 18:38:49.055 [main] DEBUG com.yanzheng.o2o.dao.ShopDao.queryByShopId - ==>  Preparing: SELECT s.shop_id, s.shop_name, s.shop_desc, s.shop_addr, s.phone, s.shop_img, s.priority, s.create_time, s.last_edit_time, s.enable_status, s.advice, s.owner_id, a.area_id, a.area_name, sc.shop_category_id, sc.shop_category_name, ps.user_id, ps.name FROM tb_shop s, tb_area a, tb_shop_category sc, tb_person_info ps WHERE s.area_id=a.area_id AND s.shop_category_id=sc.shop_category_id AND s.shop_id=? AND s.owner_id=ps.user_id 
2019-12-24 18:38:49.171 [main] DEBUG com.yanzheng.o2o.dao.ShopDao.queryByShopId - ==> Parameters: 15(Long)
2019-12-24 18:38:49.217 [main] DEBUG com.yanzheng.o2o.dao.ShopDao.queryByShopId - <==      Total: 1
2019-12-24 18:38:49.229 [main] DEBUG com.yanzheng.o2o.dao.ShopDao.queryByShopId - ==>  Preparing: SELECT s.shop_id, s.shop_name, s.shop_desc, s.shop_addr, s.phone, s.shop_img, s.priority, s.create_time, s.last_edit_time, s.enable_status, s.advice, s.owner_id, a.area_id, a.area_name, sc.shop_category_id, sc.shop_category_name, ps.user_id, ps.name FROM tb_shop s, tb_area a, tb_shop_category sc, tb_person_info ps WHERE s.area_id=a.area_id AND s.shop_category_id=sc.shop_category_id AND s.shop_id=? AND s.owner_id=ps.user_id 
2019-12-24 18:38:49.229 [main] DEBUG com.yanzheng.o2o.dao.ShopDao.queryByShopId - ==> Parameters: 15(Long)
2019-12-24 18:38:49.233 [main] DEBUG com.yanzheng.o2o.dao.ShopDao.queryByShopId - <==      Total: 1
2019-12-24 18:38:49.238 [main] DEBUG com.yanzheng.o2o.dao.ShopDao.insertShop - ==>  Preparing: INSERT INTO tb_shop(owner_id, area_id, shop_category_id, shop_name, shop_desc, shop_addr, phone, shop_img, priority, create_time, last_edit_time, enable_status, advice) VALUES (?,?,?,?, ?,?,?,?,?,?, ?,?,?) 
2019-12-24 18:38:49.247 [main] DEBUG com.yanzheng.o2o.dao.ShopDao.insertShop - ==> Parameters: 1(Long), 3(Integer), 3(Long), shop name after modification(String), new desc(String), new addr(String), new phone(String), upload/item/shop/15/2019122412262384806.jpg(String), null, 2019-12-24 18:38:49.238(Timestamp), 2019-12-24 18:38:49.238(Timestamp), 0(Integer), null
2019-12-24 18:38:49.250 [main] DEBUG com.yanzheng.o2o.dao.ShopDao.insertShop - <==    Updates: 1
2019-12-24 18:38:49.255 [main] DEBUG com.yanzheng.o2o.util.ImageUtil - current relativeAddr is:upload/item/shop/20/2019122418384959035.jpg
2019-12-24 18:38:49.255 [main] DEBUG com.yanzheng.o2o.util.ImageUtil - current complete addr is:/Users/yanzheng/image/upload/item/shop/20/2019122418384959035.jpg
2019-12-24 18:38:50.034 [main] DEBUG com.yanzheng.o2o.dao.ShopDao.updateShop - ==>  Preparing: update tb_shop SET shop_name = ?, shop_desc = ?, shop_addr = ?, phone = ?, shop_img = ?, last_edit_time = ?, enable_status = ?, shop_category_id=?, area_id = ? where shop_id=? 
2019-12-24 18:38:50.035 [main] DEBUG com.yanzheng.o2o.dao.ShopDao.updateShop - ==> Parameters: shop name after modification(String), new desc(String), new addr(String), new phone(String), upload/item/shop/20/2019122418384959035.jpg(String), 2019-12-24 18:38:49.238(Timestamp), 0(Integer), 3(Long), 3(Integer), 20(Long)
2019-12-24 18:38:50.039 [main] DEBUG com.yanzheng.o2o.dao.ShopDao.updateShop - <==    Updates: 1
2019-12-24 18:38:50.041 [main] DEBUG com.yanzheng.o2o.dao.ShopDao.updateShop - ==>  Preparing: update tb_shop SET shop_name = ?, shop_desc = ?, shop_addr = ?, phone = ?, shop_img = ?, last_edit_time = ?, enable_status = ?, shop_category_id=?, area_id = ? where shop_id=? 
2019-12-24 18:38:50.042 [main] DEBUG com.yanzheng.o2o.dao.ShopDao.updateShop - ==> Parameters: shop name after modification(String), new desc(String), new addr(String), new phone(String), upload/item/shop/20/2019122418384959035.jpg(String), 2019-12-24 18:38:50.04(Timestamp), 0(Integer), 3(Long), 3(Integer), 20(Long)
2019-12-24 18:38:50.045 [main] DEBUG com.yanzheng.o2o.dao.ShopDao.updateShop - <==    Updates: 1
2019-12-24 18:38:50.046 [main] DEBUG com.yanzheng.o2o.dao.ShopDao.queryByShopId - ==>  Preparing: SELECT s.shop_id, s.shop_name, s.shop_desc, s.shop_addr, s.phone, s.shop_img, s.priority, s.create_time, s.last_edit_time, s.enable_status, s.advice, s.owner_id, a.area_id, a.area_name, sc.shop_category_id, sc.shop_category_name, ps.user_id, ps.name FROM tb_shop s, tb_area a, tb_shop_category sc, tb_person_info ps WHERE s.area_id=a.area_id AND s.shop_category_id=sc.shop_category_id AND s.shop_id=? AND s.owner_id=ps.user_id 
2019-12-24 18:38:50.047 [main] DEBUG com.yanzheng.o2o.dao.ShopDao.queryByShopId - ==> Parameters: 20(Long)
2019-12-24 18:38:50.051 [main] DEBUG com.yanzheng.o2o.dao.ShopDao.queryByShopId - <==      Total: 1
2019-12-24 18:45:48.234 [main] DEBUG com.yanzheng.o2o.dao.ShopDao.queryByShopId - ==>  Preparing: SELECT s.shop_id, s.shop_name, s.shop_desc, s.shop_addr, s.phone, s.shop_img, s.priority, s.create_time, s.last_edit_time, s.enable_status, s.advice, s.owner_id, a.area_id, a.area_name, sc.shop_category_id, sc.shop_category_name, ps.user_id, ps.name FROM tb_shop s, tb_area a, tb_shop_category sc, tb_person_info ps WHERE s.area_id=a.area_id AND s.shop_category_id=sc.shop_category_id AND s.shop_id=? AND s.owner_id=ps.user_id 
2019-12-24 18:45:48.347 [main] DEBUG com.yanzheng.o2o.dao.ShopDao.queryByShopId - ==> Parameters: 15(Long)
2019-12-24 18:45:48.407 [main] DEBUG com.yanzheng.o2o.dao.ShopDao.queryByShopId - <==      Total: 1
2019-12-24 18:45:48.418 [main] DEBUG com.yanzheng.o2o.dao.ShopDao.queryByShopId - ==>  Preparing: SELECT s.shop_id, s.shop_name, s.shop_desc, s.shop_addr, s.phone, s.shop_img, s.priority, s.create_time, s.last_edit_time, s.enable_status, s.advice, s.owner_id, a.area_id, a.area_name, sc.shop_category_id, sc.shop_category_name, ps.user_id, ps.name FROM tb_shop s, tb_area a, tb_shop_category sc, tb_person_info ps WHERE s.area_id=a.area_id AND s.shop_category_id=sc.shop_category_id AND s.shop_id=? AND s.owner_id=ps.user_id 
2019-12-24 18:45:48.419 [main] DEBUG com.yanzheng.o2o.dao.ShopDao.queryByShopId - ==> Parameters: 15(Long)
2019-12-24 18:45:48.422 [main] DEBUG com.yanzheng.o2o.dao.ShopDao.queryByShopId - <==      Total: 1
2019-12-24 18:45:48.425 [main] DEBUG com.yanzheng.o2o.util.ImageUtil - current relativeAddr is:upload/item/shop/15/2019122418454813509.jpg
2019-12-24 18:45:48.425 [main] DEBUG com.yanzheng.o2o.util.ImageUtil - current complete addr is:/Users/yanzheng/image/upload/item/shop/15/2019122418454813509.jpg
2019-12-24 18:45:49.170 [main] DEBUG com.yanzheng.o2o.dao.ShopDao.updateShop - ==>  Preparing: update tb_shop SET shop_name = ?, shop_desc = ?, shop_addr = ?, phone = ?, shop_img = ?, last_edit_time = ?, enable_status = ?, shop_category_id=?, area_id = ? where shop_id=? 
2019-12-24 18:45:49.183 [main] DEBUG com.yanzheng.o2o.dao.ShopDao.updateShop - ==> Parameters: shop name after modification(String), new desc(String), new addr(String), new phone(String), upload/item/shop/15/2019122418454813509.jpg(String), 2019-12-24 18:45:49.125(Timestamp), 0(Integer), 3(Long), 3(Integer), 15(Long)
2019-12-24 18:45:49.194 [main] DEBUG com.yanzheng.o2o.dao.ShopDao.updateShop - <==    Updates: 1
2019-12-24 18:45:49.195 [main] DEBUG com.yanzheng.o2o.dao.ShopDao.queryByShopId - ==>  Preparing: SELECT s.shop_id, s.shop_name, s.shop_desc, s.shop_addr, s.phone, s.shop_img, s.priority, s.create_time, s.last_edit_time, s.enable_status, s.advice, s.owner_id, a.area_id, a.area_name, sc.shop_category_id, sc.shop_category_name, ps.user_id, ps.name FROM tb_shop s, tb_area a, tb_shop_category sc, tb_person_info ps WHERE s.area_id=a.area_id AND s.shop_category_id=sc.shop_category_id AND s.shop_id=? AND s.owner_id=ps.user_id 
2019-12-24 18:45:49.195 [main] DEBUG com.yanzheng.o2o.dao.ShopDao.queryByShopId - ==> Parameters: 15(Long)
2019-12-24 18:45:49.199 [main] DEBUG com.yanzheng.o2o.dao.ShopDao.queryByShopId - <==      Total: 1
2019-12-24 20:57:41.063 [main] DEBUG com.yanzheng.o2o.dao.ShopDao.queryShopList - ==>  Preparing: SELECT s.shop_id, s.shop_name, s.shop_desc, s.shop_addr, s.phone, s.shop_img, s.priority, s.create_time, s.last_edit_time, s.enable_status, s.advice, a.area_id, a.area_name, sc.shop_category_id, sc.shop_category_name FROM tb_shop s, tb_area a, tb_shop_category sc WHERE s.owner_id = ? AND s.area_id=a.area_id AND s.shop_category_id = sc.shop_category_id ORDER BY s.priority DESC LIMIT ?,?; 
2019-12-24 20:57:41.215 [main] DEBUG com.yanzheng.o2o.dao.ShopDao.queryShopList - ==> Parameters: 1(Long), 0(Integer), 5(Integer)
2019-12-24 20:57:41.283 [main] DEBUG com.yanzheng.o2o.dao.ShopDao.queryShopList - <==      Total: 5
2019-12-24 20:58:07.670 [main] DEBUG com.yanzheng.o2o.dao.ShopDao.queryShopList - ==>  Preparing: SELECT s.shop_id, s.shop_name, s.shop_desc, s.shop_addr, s.phone, s.shop_img, s.priority, s.create_time, s.last_edit_time, s.enable_status, s.advice, a.area_id, a.area_name, sc.shop_category_id, sc.shop_category_name FROM tb_shop s, tb_area a, tb_shop_category sc WHERE s.owner_id = ? AND s.area_id=a.area_id AND s.shop_category_id = sc.shop_category_id ORDER BY s.priority DESC LIMIT ?,?; 
2019-12-24 20:58:07.783 [main] DEBUG com.yanzheng.o2o.dao.ShopDao.queryShopList - ==> Parameters: 1(Long), 0(Integer), 5(Integer)
2019-12-24 20:58:07.866 [main] DEBUG com.yanzheng.o2o.dao.ShopDao.queryShopList - <==      Total: 5
2019-12-24 21:00:32.297 [main] DEBUG com.yanzheng.o2o.dao.ShopDao.queryShopList - ==>  Preparing: SELECT s.shop_id, s.shop_name, s.shop_desc, s.shop_addr, s.phone, s.shop_img, s.priority, s.create_time, s.last_edit_time, s.enable_status, s.advice, a.area_id, a.area_name, sc.shop_category_id, sc.shop_category_name FROM tb_shop s, tb_area a, tb_shop_category sc WHERE s.owner_id = ? AND s.area_id=a.area_id AND s.shop_category_id = sc.shop_category_id ORDER BY s.priority DESC LIMIT ?,?; 
2019-12-24 21:00:32.386 [main] DEBUG com.yanzheng.o2o.dao.ShopDao.queryShopList - ==> Parameters: 1(Long), 0(Integer), 5(Integer)
2019-12-24 21:00:32.443 [main] DEBUG com.yanzheng.o2o.dao.ShopDao.queryShopList - <==      Total: 5
2019-12-24 21:03:23.109 [main] DEBUG com.yanzheng.o2o.dao.ShopDao.queryShopList - ==>  Preparing: SELECT s.shop_id, s.shop_name, s.shop_desc, s.shop_addr, s.phone, s.shop_img, s.priority, s.create_time, s.last_edit_time, s.enable_status, s.advice, a.area_id, a.area_name, sc.shop_category_id, sc.shop_category_name FROM tb_shop s, tb_area a, tb_shop_category sc WHERE s.owner_id = ? AND s.area_id=a.area_id AND s.shop_category_id = sc.shop_category_id ORDER BY s.priority DESC LIMIT ?,?; 
2019-12-24 21:03:23.203 [main] DEBUG com.yanzheng.o2o.dao.ShopDao.queryShopList - ==> Parameters: 1(Long), 0(Integer), 5(Integer)
2019-12-24 21:03:23.249 [main] DEBUG com.yanzheng.o2o.dao.ShopDao.queryShopList - <==      Total: 5
2019-12-24 21:03:23.276 [main] DEBUG com.yanzheng.o2o.dao.ShopDao.queryShopCount - ==>  Preparing: SELECT count(1) FROM tb_shop s, tb_area a, tb_shop_category sc WHERE s.owner_id = ? AND s.area_id=a.area_id AND s.shop_category_id = sc.shop_category_id 
2019-12-24 21:03:23.277 [main] DEBUG com.yanzheng.o2o.dao.ShopDao.queryShopCount - ==> Parameters: 1(Long)
2019-12-24 21:03:23.284 [main] DEBUG com.yanzheng.o2o.dao.ShopDao.queryShopCount - <==      Total: 1
2019-12-24 21:47:18.384 [main] DEBUG com.yanzheng.o2o.dao.ShopDao.queryShopList - ==>  Preparing: SELECT s.shop_id, s.shop_name, s.shop_desc, s.shop_addr, s.phone, s.shop_img, s.priority, s.create_time, s.last_edit_time, s.enable_status, s.advice, a.area_id, a.area_name, sc.shop_category_id, sc.shop_category_name FROM tb_shop s, tb_area a, tb_shop_category sc WHERE s.shop_category_id = ? AND s.area_id=a.area_id AND s.shop_category_id = sc.shop_category_id ORDER BY s.priority DESC LIMIT ?,?; 
2019-12-24 21:47:18.503 [main] DEBUG com.yanzheng.o2o.dao.ShopDao.queryShopList - ==> Parameters: 3(Long), 0(Integer), 2(Integer)
2019-12-24 21:47:18.554 [main] DEBUG com.yanzheng.o2o.dao.ShopDao.queryShopList - <==      Total: 2
2019-12-24 21:47:18.572 [main] DEBUG com.yanzheng.o2o.dao.ShopDao.queryShopCount - ==>  Preparing: SELECT count(1) FROM tb_shop s, tb_area a, tb_shop_category sc WHERE s.shop_category_id = ? AND s.area_id=a.area_id AND s.shop_category_id = sc.shop_category_id 
2019-12-24 21:47:18.573 [main] DEBUG com.yanzheng.o2o.dao.ShopDao.queryShopCount - ==> Parameters: 3(Long)
2019-12-24 21:47:18.576 [main] DEBUG com.yanzheng.o2o.dao.ShopDao.queryShopCount - <==      Total: 1
2019-12-24 21:47:49.594 [main] DEBUG com.yanzheng.o2o.dao.ShopDao.queryShopList - ==>  Preparing: SELECT s.shop_id, s.shop_name, s.shop_desc, s.shop_addr, s.phone, s.shop_img, s.priority, s.create_time, s.last_edit_time, s.enable_status, s.advice, a.area_id, a.area_name, sc.shop_category_id, sc.shop_category_name FROM tb_shop s, tb_area a, tb_shop_category sc WHERE s.shop_category_id = ? AND s.area_id=a.area_id AND s.shop_category_id = sc.shop_category_id ORDER BY s.priority DESC LIMIT ?,?; 
2019-12-24 21:47:49.734 [main] DEBUG com.yanzheng.o2o.dao.ShopDao.queryShopList - ==> Parameters: 3(Long), 0(Integer), 2(Integer)
2019-12-24 21:47:49.780 [main] DEBUG com.yanzheng.o2o.dao.ShopDao.queryShopList - <==      Total: 2
2019-12-24 21:47:49.795 [main] DEBUG com.yanzheng.o2o.dao.ShopDao.queryShopCount - ==>  Preparing: SELECT count(1) FROM tb_shop s, tb_area a, tb_shop_category sc WHERE s.shop_category_id = ? AND s.area_id=a.area_id AND s.shop_category_id = sc.shop_category_id 
2019-12-24 21:47:49.796 [main] DEBUG com.yanzheng.o2o.dao.ShopDao.queryShopCount - ==> Parameters: 3(Long)
2019-12-24 21:47:49.800 [main] DEBUG com.yanzheng.o2o.dao.ShopDao.queryShopCount - <==      Total: 1
